<?xml version="1.0" encoding="UTF-8"?>
<testng-results skipped="0" failed="0" ignored="0" total="1" passed="1">
  <reporter-output>
  </reporter-output>
  <suite name="Suite" duration-ms="8696" started-at="2017-05-21T20:43:10Z" finished-at="2017-05-21T20:43:19Z">
    <groups>
    </groups>
    <test name="Test" duration-ms="8696" started-at="2017-05-21T20:43:10Z" finished-at="2017-05-21T20:43:19Z">
      <class name="demoPack.NewTest">
        <test-method status="PASS" signature="facebook()[pri:0, instance:demoPack.NewTest@4b9e13df]" name="facebook" duration-ms="8669" started-at="2017-05-22T02:13:10Z" finished-at="2017-05-22T02:13:19Z">
          <reporter-output>
          </reporter-output>
        </test-method> <!-- facebook -->
      </class> <!-- demoPack.NewTest -->
    </test> <!-- Test -->
  </suite> <!-- Suite -->
</testng-results>
